[LOG] System::create                           : Header version = 1.10.07. Current version = 1.10.07.
[LOG] SystemI::setOutputInternal               : Setting output to 'FMOD WASAPI Output'
[LOG] Manager::init                            : maxchannels = 1024 studioflags = 00000009 flags 00000000 extradriverdata 0000000000000000.
[LOG] SystemI::init                            : Initialize version=11007 (95892), maxchannels=1024, flags=0x00030000
[LOG] OutputWASAPI::init                       : Mix Format (WAVEFORMATEX): wFormatTag=0xFFFE, nChannels=2, nSamplesPerSec=48000, nAvgBytesPerSec=384000, nBlockAlign=8, wBitsPerSample=32, cbSize=22.
[LOG] OutputWASAPI::init                       : Mix Format (WAVEFORMATEXTENSIBLE): wValidBitsPerSample=32, dwChannelMask=0x00000003, SubFormat=00000003-0000-0010-8000-00AA00389B71.
[LOG] OutputWASAPI::init                       : Output buffer size: 4096 samples, latency: 0.00ms, period: 10.00ms, DSP buffer: 1024 * 4
[LOG] Thread::initThread                       : Init FMOD stream thread. Priority: 2, Stack Size: 65536, Semaphore: No, Sleep Time: 10, Looping: Yes.
[LOG] SystemI::DSPCodecPoolRegister            : register codec pool for pool type 5
[LOG] Thread::initThread                       : Init FMOD mixer thread. Priority: 3, Stack Size: 49152, Semaphore: No, Sleep Time: 0, Looping: Yes.
[LOG] AsyncManager::init                       : manager 000000007B3A2328 isAsync 1 updatePeriod 0.02
[LOG] Thread::initThread                       : Init FMOD Studio update thread. Priority: 0, Stack Size: 65536, Semaphore: No, Sleep Time: 1, Looping: No.
[LOG] AsyncManager::init                       : done
[LOG] PlaybackSystem::init                     : 
[LOG] Thread::initThread                       : Init FMOD Studio sample load thread. Priority: 0, Stack Size: 65536, Semaphore: No, Sleep Time: 1, Looping: No.
[LOG] PlaybackSystem::init                     : done
[LOG] LiveUpdate::init                         : 
[LOG] Thread::initThread                       : Init FMOD Studio bank load thread. Priority: 0, Stack Size: 65536, Semaphore: No, Sleep Time: 1, Looping: No.
[LOG] Manager::init                            : done.
[LOG] Profile::init                            : Profiler listening on port: 9264
[LOG] Manager::readBank                        : fileversion = 100, compatVersion = 99 (oldest = 44, newest = 100)
[LOG] Manager::readBank                        : fileversion = 100, compatVersion = 99 (oldest = 44, newest = 100)
[LOG] PlaybackSystem::acquireMasterBus         : Setting master channel group format to 6
[LOG] SystemI::createSound                     : filename = ..\FMod\Build\Desktop/Master Bank.bank : mode 02010082
[LOG] SystemI::createSound                     : FMOD_NONBLOCKING specified.  Putting into queue to be opened asynchronously!
[LOG] Thread::initThread                       : Init FMOD nonblocking thread (0). Priority: 1, Stack Size: 81920, Semaphore: Yes, Sleep Time: 0, Looping: Yes.
[LOG] SystemI::createSound                     : setdata soundi = 000000007B738F08 : node = 0000000059C83170
[LOG] SystemI::createSound                     : add node to async list : head = 0000000084EE1468.  list count = 0
[LOG] AsyncThread::threadFunc                  : Starting Asynchronous operation on sound 000000007B738F08
[LOG] SystemI::createSoundInternal             :     Create name='..\FMod\Build\Desktop/Master Bank.bank', mode=0x02010082
[LOG] SystemI::createSound                     :     filename = ..\FMod\Build\Desktop/Master Bank.bank : mode 02010082
[LOG] SystemI::createSoundInternal             :     exinfo->cbsize             = 232
[LOG] SystemI::createSound                     :     FMOD_NONBLOCKING specified.  Putting into queue to be opened asynchronously!
[LOG] SystemI::createSoundInternal             :     exinfo->length             = 4820768
[LOG] SystemI::createSoundInternal             :     exinfo->fileoffset         = 18720
[LOG] SystemI::createSound                     :     setdata soundi = 000000007B7384E8 : node = 0000000059C82ED0
[LOG] SystemI::createSoundInternal             :     exinfo->numsubsounds       = 1
[LOG] SystemI::createSound                     :     add node to async list : head = 0000000084EE1468.  list count = 0
[LOG] SystemI::createSoundInternal             :     exinfo->inclusionlist      = 0000000059C83288
[LOG] SystemI::createSoundInternal             :     exinfo->inclusionlistnum   = 1
[LOG] SystemI::createSoundInternal             :     exinfo->suggestedsoundtype = 5
[LOG] SystemI::createSoundInternal             :     exinfo->initialseekpostype = 1
[LOG] SystemI::createSound                     :     filename = ..\FMod\Build\Desktop/Master Bank.bank : mode 02010082
[LOG] SystemI::createSound                     :     FMOD_NONBLOCKING specified.  Putting into queue to be opened asynchronously!
[LOG] SystemI::createSound                     :     setdata soundi = 000000007B738BA8 : node = 0000000059C82C30
[LOG] SystemI::createSound                     :     add node to async list : head = 0000000084EE1468.  list count = 1
[LOG] SystemI::createSound                     :     filename = ..\FMod\Build\Desktop/Master Bank.bank : mode 02010082
[LOG] SystemI::createSound                     :     FMOD_NONBLOCKING specified.  Putting into queue to be opened asynchronously!
[LOG] SystemI::createSound                     :     setdata soundi = 000000007B7390B8 : node = 00000000872E6480
[LOG] SystemI::createSound                     :     add node to async list : head = 0000000084EE1468.  list count = 2
[LOG] SystemI::createSound                     :     filename = ..\FMod\Build\Desktop/Master Bank.bank : mode 02010082
[LOG] SystemI::createSound                     :     FMOD_NONBLOCKING specified.  Putting into queue to be opened asynchronously!
[LOG] SystemI::createSound                     :     setdata soundi = 000000007B738698 : node = 00000000872E61E0
[LOG] SystemI::createSound                     :     add node to async list : head = 0000000084EE1468.  list count = 3
[LOG] SystemI::createSoundInternal             :     Stream 0/1: name='Battle gun shots distant loop_BLASTWAVEFX_31081', format=2, channels=2, frequency=48000, lengthbytes=1243808, lengthpcm=4781620, pcmblocksize=0, loopstart=0, loopend=0, mode=0x00000000, channelmask=0x00000000, channelorder=0, peakvolume=0.667572.
[LOG] Thread::initThread                       :     Init FMOD file thread. Priority: 1, Stack Size: 16384, Semaphore: No, Sleep Time: 10, Looping: Yes.
[LOG] AsyncThread::threadFunc                  : Finished Asynchronous operation on sound 000000007B738F08
[LOG] AsyncThread::threadFunc                  : Starting Asynchronous operation on sound 000000007B7384E8
[LOG] SystemI::createSoundInternal             :     Create name='..\FMod\Build\Desktop/Master Bank.bank', mode=0x02010082
[LOG] SystemI::createSoundInternal             :     exinfo->cbsize             = 232
[LOG] SystemI::createSoundInternal             :     exinfo->length             = 4820768
[LOG] SystemI::createSoundInternal             :     exinfo->fileoffset         = 18720
[LOG] SystemI::createSoundInternal             :     exinfo->numsubsounds       = 1
[LOG] SystemI::createSoundInternal             :     exinfo->inclusionlist      = 0000000059C82FE8
[LOG] SystemI::createSoundInternal             :     exinfo->inclusionlistnum   = 1
[LOG] SystemI::createSoundInternal             :     exinfo->suggestedsoundtype = 5
[LOG] SystemI::createSoundInternal             :     exinfo->initialseekpostype = 1
[LOG] SystemI::createSoundInternal             :     Stream 0/1: name='WW2 Scenario', format=2, channels=2, frequency=48000, lengthbytes=1368128, lengthpcm=5203931, pcmblocksize=0, loopstart=0, loopend=0, mode=0x00000000, channelmask=0x00000000, channelorder=0, peakvolume=0.749847.
[LOG] AsyncThread::threadFunc                  : Finished Asynchronous operation on sound 000000007B7384E8
[LOG] AsyncThread::threadFunc                  : Starting Asynchronous operation on sound 000000007B738BA8
[LOG] SystemI::createSoundInternal             :     Create name='..\FMod\Build\Desktop/Master Bank.bank', mode=0x02010082
[LOG] SystemI::createSoundInternal             :     exinfo->cbsize             = 232
[LOG] SystemI::createSoundInternal             :     exinfo->length             = 4820768
[LOG] SystemI::createSoundInternal             :     exinfo->fileoffset         = 18720
[LOG] SystemI::createSoundInternal             :     exinfo->numsubsounds       = 1
[LOG] SystemI::createSoundInternal             :     exinfo->inclusionlist      = 0000000059C82D48
[LOG] SystemI::createSoundInternal             :     exinfo->inclusionlistnum   = 1
[LOG] SystemI::createSoundInternal             :     exinfo->suggestedsoundtype = 5
[LOG] SystemI::createSoundInternal             :     exinfo->initialseekpostype = 1
[LOG] SystemI::createSoundInternal             :     Stream 0/1: name='rain splatter heavy with thunder rumble', format=2, channels=2, frequency=48000, lengthbytes=456192, lengthpcm=1702400, pcmblocksize=0, loopstart=0, loopend=0, mode=0x00000000, channelmask=0x00000000, channelorder=0, peakvolume=0.211559.
[LOG] AsyncThread::threadFunc                  : Finished Asynchronous operation on sound 000000007B738BA8
[LOG] AsyncThread::threadFunc                  : Starting Asynchronous operation on sound 000000007B7390B8
[LOG] SystemI::createSoundInternal             :     Create name='..\FMod\Build\Desktop/Master Bank.bank', mode=0x02010082
[LOG] SystemI::createSoundInternal             :     exinfo->cbsize             = 232
[LOG] SystemI::createSoundInternal             :     exinfo->length             = 4820768
[LOG] SystemI::createSoundInternal             :     exinfo->fileoffset         = 18720
[LOG] SystemI::createSoundInternal             :     exinfo->numsubsounds       = 1
[LOG] SystemI::createSoundInternal             :     exinfo->inclusionlist      = 00000000872E6598
[LOG] SystemI::createSoundInternal             :     exinfo->inclusionlistnum   = 1
[LOG] SystemI::createSoundInternal             :     exinfo->suggestedsoundtype = 5
[LOG] SystemI::createSoundInternal             :     exinfo->initialseekposition = 1000
[LOG] SystemI::createSoundInternal             :     exinfo->initialseekpostype = 1
[LOG] SystemI::createSoundInternal             :     Stream 0/1: name='fire in furnace pulsing 1', format=2, channels=2, frequency=48000, lengthbytes=101344, lengthpcm=505324, pcmblocksize=0, loopstart=0, loopend=0, mode=0x00000000, channelmask=0x00000000, channelorder=0, peakvolume=0.988500.
[LOG] AsyncThread::threadFunc                  : Finished Asynchronous operation on sound 000000007B7390B8
[LOG] AsyncThread::threadFunc                  : Starting Asynchronous operation on sound 000000007B738698
[LOG] SystemI::createSoundInternal             :     Create name='..\FMod\Build\Desktop/Master Bank.bank', mode=0x02010082
[LOG] SystemI::createSoundInternal             :     exinfo->cbsize             = 232
[LOG] SystemI::createSoundInternal             :     exinfo->length             = 4820768
[LOG] SystemI::createSoundInternal             :     exinfo->fileoffset         = 18720
[LOG] SystemI::createSoundInternal             :     exinfo->numsubsounds       = 1
[LOG] SystemI::createSoundInternal             :     exinfo->inclusionlist      = 00000000872E62F8
[LOG] SystemI::createSoundInternal             :     exinfo->inclusionlistnum   = 1
[LOG] SystemI::createSoundInternal             :     exinfo->suggestedsoundtype = 5
[LOG] SystemI::createSoundInternal             :     exinfo->initialseekposition = 1000
[LOG] SystemI::createSoundInternal             :     exinfo->initialseekpostype = 1
[LOG] SystemI::createSoundInternal             :     Stream 0/1: name='Fire campfire bonfire camping wood crackle loop_2_BLASTWAVEFX_01655', format=2, channels=2, frequency=48000, lengthbytes=1647680, lengthpcm=5512180, pcmblocksize=0, loopstart=0, loopend=0, mode=0x00000000, channelmask=0x00000000, channelorder=0, peakvolume=0.959229.
[LOG] AsyncThread::threadFunc                  : Finished Asynchronous operation on sound 000000007B738698
[LOG] SoundI::getSubSound                      : sound 000000007B738F08.  Subsound index 0 / 1
[LOG] SoundI::getSubSound                      : sound 000000007B7384E8.  Subsound index 0 / 1
[LOG] SoundI::getSubSound                      : sound 000000007B738BA8.  Subsound index 0 / 1
[LOG] SoundI::getSubSound                      : sound 000000007B7390B8.  Subsound index 0 / 1
[LOG] SoundI::getSubSound                      : sound 000000007B738698.  Subsound index 0 / 1
[LOG] SoundI::release                          : Fire campfire bonfire camping wood crackle loop_2_BLASTWAVEFX_01655 (000000007B738698)
[LOG] SoundI::release                          :     Fire campfire bonfire camping wood crackle loop_2_BLASTWAVEFX_01655 (0000000084EE4D98)
[LOG] SoundI::release                          :     Fire campfire bonfire camping wood crackle loop_2_BLASTWAVEFX_01655 (000000005A5B92A8)
[LOG] SoundI::release                          : fire in furnace pulsing 1 (000000007B7390B8)
[LOG] SoundI::release                          :     fire in furnace pulsing 1 (0000000084EE3EF8)
[LOG] SoundI::release                          :     fire in furnace pulsing 1 (000000005A5B90F8)
[LOG] SoundI::release                          : rain splatter heavy with thunder rumble (000000007B738BA8)
[LOG] SoundI::release                          :     rain splatter heavy with thunder rumble (0000000084EE2D18)
[LOG] SoundI::release                          :     rain splatter heavy with thunder rumble (000000005A5B9458)
[LOG] SoundI::release                          : WW2 Scenario (000000007B7384E8)
[LOG] SoundI::release                          :     WW2 Scenario (0000000084EE4578)
[LOG] SoundI::release                          :     WW2 Scenario (000000005A5B9608)
[LOG] SoundI::release                          : Battle gun shots distant loop_BLASTWAVEFX_31081 (000000007B738F08)
[LOG] SoundI::release                          :     Battle gun shots distant loop_BLASTWAVEFX_31081 (0000000084EE2B78)
[LOG] SoundI::release                          :     Battle gun shots distant loop_BLASTWAVEFX_31081 (000000000CEA7608)
[LOG] Thread::callback                         : FMOD Studio update thread finished.
[LOG] Thread::callback                         : FMOD Studio bank load thread finished.
[LOG] Profile::disconnectAll                   : Profiler disconnecting all clients
[LOG] Thread::callback                         : FMOD Studio sample load thread finished.
[LOG] LiveUpdate::release                      : 
[LOG] LiveUpdate::reset                        : Reset connection (reason Disconnected)
[LOG] Thread::callback                         : FMOD stream thread finished.
[LOG] Thread::callback                         : FMOD mixer thread finished.
[LOG] Profile::disconnectAll                   : Profiler disconnecting all clients
[LOG] Thread::callback                         : FMOD nonblocking thread (0) finished.
[LOG] Thread::callback                         : FMOD file thread finished.
[LOG] SystemI::close                           : Closed.
